<?xml version="1.0" encoding="UTF-8"?>
<!-- Generated by org.testng.reporters.JUnitXMLReporter -->
<testsuite hostname="newusers-MacBook-Pro.local" ignored="1" name="HubSpot Functional Regression Test" tests="5" failures="1" timestamp="2020-07-12T00:06:32 EDT" time="39.416" errors="0">
  <testcase name="verifyPageTitletest" time="5.626" classname="com.qa.hubspot.tests.LoginPageTest"/>
  <testcase name="verifySignUpLinkTest" time="5.23" classname="com.qa.hubspot.tests.LoginPageTest"/>
  <testcase name="loginTest" time="9.417" classname="com.qa.hubspot.tests.LoginPageTest">
    <failure type="java.lang.AssertionError" message="expected [siliconelabs.com] but found []">
      <![CDATA[java.lang.AssertionError: expected [siliconelabs.com] but found []
at com.qa.hubspot.tests.LoginPageTest.loginTest(LoginPageTest.java:56)
at java.util.ArrayList.forEach(ArrayList.java:1257)
... Removed 32 stack frames]]>
    </failure>
  </testcase> <!-- loginTest -->
  <testcase name="verifyHomePageTitleTest" time="0.012" classname="com.qa.hubspot.tests.HomePageTest"/>
  <testcase name="verifyHomePageHeaderTest" time="0.033" classname="com.qa.hubspot.tests.HomePageTest"/>
  <testcase name="verifyLoggedInUserTest" time="0.0" classname="com.qa.hubspot.tests.HomePageTest">
    <ignored/>
  </testcase> <!-- verifyLoggedInUserTest -->
</testsuite> <!-- HubSpot Functional Regression Test -->
